cl : línea de comandos  warning D9035: La opción 'Gm' está desusada y se quitará en próximas versiones
  main.cpp
<<<<<<< HEAD
C:\Users\rober\OneDrive\Escritorio\dest_IG\P1GLSL\P1GLSL\scr\main.cpp(64,14): warning C4305: '=': truncamiento de 'double' a 'T'
=======
C:\Users\rober\OneDrive\Escritorio\dest_IG\P1GLSL\P1GLSL\scr\main.cpp(61,14): warning C4305: '=': truncamiento de 'double' a 'T'
>>>>>>> origin/main
          with
          [
              T=float
          ]
<<<<<<< HEAD
C:\Users\rober\OneDrive\Escritorio\dest_IG\P1GLSL\P1GLSL\scr\main.cpp(65,14): warning C4305: '=': truncamiento de 'double' a 'T'
=======
C:\Users\rober\OneDrive\Escritorio\dest_IG\P1GLSL\P1GLSL\scr\main.cpp(62,14): warning C4305: '=': truncamiento de 'double' a 'T'
>>>>>>> origin/main
          with
          [
              T=float
          ]
  LINK : no se encontró C:\Users\rober\OneDrive\Escritorio\dest_IG\P1GLSL\P1GLSL\Debug\P1GLSL.exe o no lo generó el último vínculo incremental; ejecutando vínculo completo
main.obj : warning LNK4075: se omite '/EDITANDCONTINUE' debido a la especificación '/SAFESEH'
  P1GLSL.vcxproj -> C:\Users\rober\OneDrive\Escritorio\dest_IG\P1GLSL\P1GLSL\Debug\P1GLSL.exe
